<?xml version="1.0" encoding="UTF-8"?>
<!-- Generated by org.testng.reporters.JUnitReportReporter -->
<testsuite hostname="Tans-MacBook-Pro.local" failures="0" tests="2" name="com.testng.studies.Pfizer.Pfizer_Tests" time="15.777" errors="0" timestamp="2023-05-07T17:46:30 EDT" skipped="0">
  <testcase classname="com.testng.studies.Pfizer.Pfizer_Tests" name="test1" time="6.860"/>
  <system-out/>
  <testcase classname="com.testng.studies.Pfizer.Pfizer_Tests" name="test2" time="8.917"/>
  <system-out/>
</testsuite> <!-- com.testng.studies.Pfizer.Pfizer_Tests -->
